# JRE version: Java(TM) SE Runtime Environment (8.0_231-b11) (build 1.8.0_231-b11)
# Java VM: Java HotSpot(TM) 64-Bit Server VM (25.231-b11 mixed mode windows-amd64 compressed oops)
Heap:
 PSYoungGen      total 47616K, used 5649K [0x00000000d6000000, 0x00000000da000000, 0x0000000100000000)
  eden space 30720K, 16% used [0x00000000d6000000,0x00000000d64f4778,0x00000000d7e00000)
  from space 16896K, 3% used [0x00000000d8f80000,0x00000000d9010030,0x00000000da000000)
  to   space 17408K, 0% used [0x00000000d7e00000,0x00000000d7e00000,0x00000000d8f00000)
 ParOldGen       total 86016K, used 18120K [0x0000000082000000, 0x0000000087400000, 0x00000000d6000000)
  object space 86016K, 21% used [0x0000000082000000,0x00000000831b2120,0x0000000087400000)
 Metaspace       used 12657K, capacity 12888K, committed 13184K, reserved 1060864K
  class space    used 1483K, capacity 1580K, committed 1664K, reserved 1048576K
GC Heap History (10 events):
Event: 55.850 GC heap before
{Heap before GC invocations=4 (full 0):
 PSYoungGen      total 37888K, used 37855K [0x00000000d6000000, 0x00000000d8a00000, 0x0000000100000000)
  eden space 32768K, 99% used [0x00000000d6000000,0x00000000d7ffd378,0x00000000d8000000)
  from space 5120K, 99% used [0x00000000d8000000,0x00000000d84fa960,0x00000000d8500000)
  to   space 5120K, 0% used [0x00000000d8500000,0x00000000d8500000,0x00000000d8a00000)
 ParOldGen       total 86016K, used 13671K [0x0000000082000000, 0x0000000087400000, 0x00000000d6000000)
  object space 86016K, 15% used [0x0000000082000000,0x0000000082d59ed0,0x0000000087400000)
 Metaspace       used 12532K, capacity 12792K, committed 12928K, reserved 1060864K
  class space    used 1469K, capacity 1548K, committed 1664K, reserved 1048576K
Event: 55.857 GC heap after
Heap after GC invocations=4 (full 0):
 PSYoungGen      total 37888K, used 4810K [0x00000000d6000000, 0x00000000d8a00000, 0x0000000100000000)
  eden space 32768K, 0% used [0x00000000d6000000,0x00000000d6000000,0x00000000d8000000)
  from space 5120K, 93% used [0x00000000d8500000,0x00000000d89b2920,0x00000000d8a00000)
  to   space 5120K, 0% used [0x00000000d8000000,0x00000000d8000000,0x00000000d8500000)
 ParOldGen       total 86016K, used 13679K [0x0000000082000000, 0x0000000087400000, 0x00000000d6000000)
  object space 86016K, 15% used [0x0000000082000000,0x0000000082d5bed0,0x0000000087400000)
 Metaspace       used 12532K, capacity 12792K, committed 12928K, reserved 1060864K
  class space    used 1469K, capacity 1548K, committed 1664K, reserved 1048576K
}
Event: 74.540 GC heap before
{Heap before GC invocations=5 (full 0):
 PSYoungGen      total 37888K, used 37552K [0x00000000d6000000, 0x00000000d8a00000, 0x0000000100000000)
  eden space 32768K, 99% used [0x00000000d6000000,0x00000000d7ff98c8,0x00000000d8000000)
  from space 5120K, 93% used [0x00000000d8500000,0x00000000d89b2920,0x00000000d8a00000)
  to   space 5120K, 0% used [0x00000000d8000000,0x00000000d8000000,0x00000000d8500000)
 ParOldGen       total 86016K, used 13679K [0x0000000082000000, 0x0000000087400000, 0x00000000d6000000)
  object space 86016K, 15% used [0x0000000082000000,0x0000000082d5bed0,0x0000000087400000)
 Metaspace       used 12579K, capacity 12792K, committed 12928K, reserved 1060864K
  class space    used 1469K, capacity 1548K, committed 1664K, reserved 1048576K
Event: 74.548 GC heap after
Heap after GC invocations=5 (full 0):
 PSYoungGen      total 37376K, used 4810K [0x00000000d6000000, 0x00000000da380000, 0x0000000100000000)
  eden space 32256K, 0% used [0x00000000d6000000,0x00000000d6000000,0x00000000d7f80000)
  from space 5120K, 93% used [0x00000000d8000000,0x00000000d84b2920,0x00000000d8500000)
  to   space 18432K, 0% used [0x00000000d9180000,0x00000000d9180000,0x00000000da380000)
 ParOldGen       total 86016K, used 13687K [0x0000000082000000, 0x0000000087400000, 0x00000000d6000000)
  object space 86016K, 15% used [0x0000000082000000,0x0000000082d5ded0,0x0000000087400000)
 Metaspace       used 12579K, capacity 12792K, committed 12928K, reserved 1060864K
  class space    used 1469K, capacity 1548K, committed 1664K, reserved 1048576K
}
Event: 94.574 GC heap before
{Heap before GC invocations=6 (full 0):
 PSYoungGen      total 37376K, used 37066K [0x00000000d6000000, 0x00000000da380000, 0x0000000100000000)
  eden space 32256K, 100% used [0x00000000d6000000,0x00000000d7f80000,0x00000000d7f80000)
  from space 5120K, 93% used [0x00000000d8000000,0x00000000d84b2920,0x00000000d8500000)
  to   space 18432K, 0% used [0x00000000d9180000,0x00000000d9180000,0x00000000da380000)
 ParOldGen       total 86016K, used 13688K [0x0000000082000000, 0x0000000087400000, 0x00000000d6000000)
  object space 86016K, 15% used [0x0000000082000000,0x0000000082d5e2e0,0x0000000087400000)
 Metaspace       used 12633K, capacity 12888K, committed 13184K, reserved 1060864K
  class space    used 1483K, capacity 1580K, committed 1664K, reserved 1048576K
Event: 94.584 GC heap after
Heap after GC invocations=6 (full 0):
 PSYoungGen      total 47616K, used 4874K [0x00000000d6000000, 0x00000000da100000, 0x0000000100000000)
  eden space 31744K, 0% used [0x00000000d6000000,0x00000000d6000000,0x00000000d7f00000)
  from space 15872K, 30% used [0x00000000d9180000,0x00000000d9642920,0x00000000da100000)
  to   space 17408K, 0% used [0x00000000d7f00000,0x00000000d7f00000,0x00000000d9000000)
 ParOldGen       total 86016K, used 13688K [0x0000000082000000, 0x0000000087400000, 0x00000000d6000000)
  object space 86016K, 15% used [0x0000000082000000,0x0000000082d5e2e0,0x0000000087400000)
 Metaspace       used 12633K, capacity 12888K, committed 13184K, reserved 1060864K
  class space    used 1483K, capacity 1580K, committed 1664K, reserved 1048576K
}
Event: 116.191 GC heap before
{Heap before GC invocations=7 (full 0):
 PSYoungGen      total 47616K, used 36618K [0x00000000d6000000, 0x00000000da100000, 0x0000000100000000)
  eden space 31744K, 100% used [0x00000000d6000000,0x00000000d7f00000,0x00000000d7f00000)
  from space 15872K, 30% used [0x00000000d9180000,0x00000000d9642920,0x00000000da100000)
  to   space 17408K, 0% used [0x00000000d7f00000,0x00000000d7f00000,0x00000000d9000000)
 ParOldGen       total 86016K, used 13692K [0x0000000082000000, 0x0000000087400000, 0x00000000d6000000)
  object space 86016K, 15% used [0x0000000082000000,0x0000000082d5f3e0,0x0000000087400000)
 Metaspace       used 12654K, capacity 12888K, committed 13184K, reserved 1060864K
  class space    used 1483K, capacity 1580K, committed 1664K, reserved 1048576K
Event: 116.204 GC heap after
Heap after GC invocations=7 (full 0):
 PSYoungGen      total 31744K, used 448K [0x00000000d6000000, 0x00000000da080000, 0x0000000100000000)
  eden space 31232K, 0% used [0x00000000d6000000,0x00000000d6000000,0x00000000d7e80000)
  from space 512K, 87% used [0x00000000d7f00000,0x00000000d7f70020,0x00000000d7f80000)
  to   space 17408K, 0% used [0x00000000d8f80000,0x00000000d8f80000,0x00000000da080000)
 ParOldGen       total 86016K, used 18096K [0x0000000082000000, 0x0000000087400000, 0x00000000d6000000)
  object space 86016K, 21% used [0x0000000082000000,0x00000000831ac120,0x0000000087400000)
 Metaspace       used 12654K, capacity 12888K, committed 13184K, reserved 1060864K
  class space    used 1483K, capacity 1580K, committed 1664K, reserved 1048576K
}
Event: 137.149 GC heap before
{Heap before GC invocations=8 (full 0):
 PSYoungGen      total 31744K, used 31680K [0x00000000d6000000, 0x00000000da080000, 0x0000000100000000)
  eden space 31232K, 100% used [0x00000000d6000000,0x00000000d7e80000,0x00000000d7e80000)
  from space 512K, 87% used [0x00000000d7f00000,0x00000000d7f70020,0x00000000d7f80000)
  to   space 17408K, 0% used [0x00000000d8f80000,0x00000000d8f80000,0x00000000da080000)
 ParOldGen       total 86016K, used 18096K [0x0000000082000000, 0x0000000087400000, 0x00000000d6000000)
  object space 86016K, 21% used [0x0000000082000000,0x00000000831ac120,0x0000000087400000)
 Metaspace       used 12656K, capacity 12888K, committed 13184K, reserved 1060864K
  class space    used 1483K, capacity 1580K, committed 1664K, reserved 1048576K
Event: 137.151 GC heap after
Heap after GC invocations=8 (full 0):
 PSYoungGen      total 47616K, used 576K [0x00000000d6000000, 0x00000000da000000, 0x0000000100000000)
  eden space 30720K, 0% used [0x00000000d6000000,0x00000000d6000000,0x00000000d7e00000)
  from space 16896K, 3% used [0x00000000d8f80000,0x00000000d9010030,0x00000000da000000)
  to   space 17408K, 0% used [0x00000000d7e00000,0x00000000d7e00000,0x00000000d8f00000)
 ParOldGen       total 86016K, used 18120K [0x0000000082000000, 0x0000000087400000, 0x00000000d6000000)
  object space 86016K, 21% used [0x0000000082000000,0x00000000831b2120,0x0000000087400000)
 Metaspace       used 12656K, capacity 12888K, committed 13184K, reserved 1060864K
  class space    used 1483K, capacity 1580K, committed 1664K, reserved 1048576K
}

